Started GET "/" for 127.0.0.1 at 2022-03-30 12:35:50 +0700
  [1m[35m (10.3ms)[0m  [1m[34mSELECT sqlite_version(*)[0m
Processing by Rails::WelcomeController#index as HTML
  Rendering C:/Ruby31-x64/lib/ruby/gems/3.1.0/gems/railties-7.0.2.3/lib/rails/templates/rails/welcome/index.html.erb
  Rendered C:/Ruby31-x64/lib/ruby/gems/3.1.0/gems/railties-7.0.2.3/lib/rails/templates/rails/welcome/index.html.erb (Duration: 28.1ms | Allocations: 637)
Completed 200 OK in 123ms (Views: 57.0ms | ActiveRecord: 0.0ms | Allocations: 5027)


  [1m[35m (2.3ms)[0m  [1m[34mSELECT sqlite_version(*)[0m
  [1m[35m (5.6ms)[0m  [1m[35mCREATE TABLE "schema_migrations" ("version" varchar NOT NULL PRIMARY KEY)[0m
  [1m[35m (4.1ms)[0m  [1m[35mCREATE TABLE "ar_internal_metadata" ("key" varchar NOT NULL PRIMARY KEY, "value" varchar, "created_at" datetime(6) NOT NULL, "updated_at" datetime(6) NOT NULL)[0m
  [1m[36mActiveRecord::SchemaMigration Pluck (0.6ms)[0m  [1m[34mSELECT "schema_migrations"."version" FROM "schema_migrations" ORDER BY "schema_migrations"."version" ASC[0m
Migrating to CreateItems (20220330053714)
  [1m[36mTRANSACTION (0.1ms)[0m  [1m[36mbegin transaction[0m
  [1m[35m (0.9ms)[0m  [1m[35mCREATE TABLE "items" ("id" integer PRIMARY KEY AUTOINCREMENT NOT NULL, "name" varchar, "price" varchar, "created_at" datetime(6) NOT NULL, "updated_at" datetime(6) NOT NULL)[0m
  [1m[36mActiveRecord::SchemaMigration Create (0.5ms)[0m  [1m[32mINSERT INTO "schema_migrations" ("version") VALUES (?)[0m  [["version", "20220330053714"]]
  [1m[36mTRANSACTION (3.8ms)[0m  [1m[36mcommit transaction[0m
  [1m[36mActiveRecord::InternalMetadata Load (0.2ms)[0m  [1m[34mSELECT "ar_internal_metadata".* FROM "ar_internal_metadata" WHERE "ar_internal_metadata"."key" = ? LIMIT ?[0m  [["key", "environment"], ["LIMIT", 1]]
  [1m[36mTRANSACTION (0.1ms)[0m  [1m[36mbegin transaction[0m
  [1m[36mActiveRecord::InternalMetadata Create (0.6ms)[0m  [1m[32mINSERT INTO "ar_internal_metadata" ("key", "value", "created_at", "updated_at") VALUES (?, ?, ?, ?)[0m  [["key", "environment"], ["value", "development"], ["created_at", "2022-03-30 05:37:33.277657"], ["updated_at", "2022-03-30 05:37:33.277657"]]
  [1m[36mTRANSACTION (2.6ms)[0m  [1m[36mcommit transaction[0m
  [1m[35m (0.1ms)[0m  [1m[34mSELECT sqlite_version(*)[0m
  [1m[36mActiveRecord::SchemaMigration Pluck (0.1ms)[0m  [1m[34mSELECT "schema_migrations"."version" FROM "schema_migrations" ORDER BY "schema_migrations"."version" ASC[0m
  [1m[35m (1.0ms)[0m  [1m[34mSELECT sqlite_version(*)[0m
  [1m[36mActiveRecord::SchemaMigration Pluck (0.1ms)[0m  [1m[34mSELECT "schema_migrations"."version" FROM "schema_migrations" ORDER BY "schema_migrations"."version" ASC[0m
  [1m[35m (0.1ms)[0m  [1m[34mSELECT sqlite_version(*)[0m
  [1m[36mTRANSACTION (0.1ms)[0m  [1m[36mbegin transaction[0m
  [1m[36mItem Create (0.9ms)[0m  [1m[32mINSERT INTO "items" ("name", "price", "created_at", "updated_at") VALUES (?, ?, ?, ?)[0m  [["name", "Burger"], ["price", "25.000"], ["created_at", "2022-03-30 05:37:56.405862"], ["updated_at", "2022-03-30 05:37:56.405862"]]
  [1m[36mTRANSACTION (3.8ms)[0m  [1m[36mcommit transaction[0m
  [1m[36mTRANSACTION (0.1ms)[0m  [1m[36mbegin transaction[0m
  [1m[36mItem Create (0.8ms)[0m  [1m[32mINSERT INTO "items" ("name", "price", "created_at", "updated_at") VALUES (?, ?, ?, ?)[0m  [["name", "Pizza"], ["price", "80.000"], ["created_at", "2022-03-30 05:37:56.415922"], ["updated_at", "2022-03-30 05:37:56.415922"]]
  [1m[36mTRANSACTION (3.2ms)[0m  [1m[36mcommit transaction[0m
  [1m[36mTRANSACTION (0.1ms)[0m  [1m[36mbegin transaction[0m
  [1m[36mItem Create (1.1ms)[0m  [1m[32mINSERT INTO "items" ("name", "price", "created_at", "updated_at") VALUES (?, ?, ?, ?)[0m  [["name", "Coke"], ["price", "15.000"], ["created_at", "2022-03-30 05:37:56.424577"], ["updated_at", "2022-03-30 05:37:56.424577"]]
  [1m[36mTRANSACTION (3.2ms)[0m  [1m[36mcommit transaction[0m
  [1m[35m (1.3ms)[0m  [1m[34mSELECT sqlite_version(*)[0m
  [1m[36mItem Load (0.2ms)[0m  [1m[34mSELECT "items".* FROM "items"[0m
Started GET "/" for 127.0.0.1 at 2022-03-30 12:42:24 +0700
  [1m[35m (1.5ms)[0m  [1m[34mSELECT sqlite_version(*)[0m
  [1m[36mActiveRecord::SchemaMigration Pluck (0.3ms)[0m  [1m[34mSELECT "schema_migrations"."version" FROM "schema_migrations" ORDER BY "schema_migrations"."version" ASC[0m
Processing by Rails::WelcomeController#index as HTML
  Rendering C:/Ruby31-x64/lib/ruby/gems/3.1.0/gems/railties-7.0.2.3/lib/rails/templates/rails/welcome/index.html.erb
  Rendered C:/Ruby31-x64/lib/ruby/gems/3.1.0/gems/railties-7.0.2.3/lib/rails/templates/rails/welcome/index.html.erb (Duration: 2.4ms | Allocations: 511)
Completed 200 OK in 25ms (Views: 8.1ms | ActiveRecord: 0.0ms | Allocations: 3494)


Started GET "/" for 127.0.0.1 at 2022-03-30 12:42:25 +0700
Processing by Rails::WelcomeController#index as HTML
  Rendering C:/Ruby31-x64/lib/ruby/gems/3.1.0/gems/railties-7.0.2.3/lib/rails/templates/rails/welcome/index.html.erb
  Rendered C:/Ruby31-x64/lib/ruby/gems/3.1.0/gems/railties-7.0.2.3/lib/rails/templates/rails/welcome/index.html.erb (Duration: 1.1ms | Allocations: 307)
Completed 200 OK in 7ms (Views: 2.8ms | ActiveRecord: 0.0ms | Allocations: 999)


Started GET "/" for 127.0.0.1 at 2022-03-30 12:42:27 +0700
Processing by Rails::WelcomeController#index as HTML
  Rendering C:/Ruby31-x64/lib/ruby/gems/3.1.0/gems/railties-7.0.2.3/lib/rails/templates/rails/welcome/index.html.erb
  Rendered C:/Ruby31-x64/lib/ruby/gems/3.1.0/gems/railties-7.0.2.3/lib/rails/templates/rails/welcome/index.html.erb (Duration: 0.1ms | Allocations: 29)
Completed 200 OK in 2ms (Views: 0.9ms | ActiveRecord: 0.0ms | Allocations: 282)


Started GET "/" for 127.0.0.1 at 2022-03-30 12:42:27 +0700
Processing by Rails::WelcomeController#index as HTML
  Rendering C:/Ruby31-x64/lib/ruby/gems/3.1.0/gems/railties-7.0.2.3/lib/rails/templates/rails/welcome/index.html.erb
  Rendered C:/Ruby31-x64/lib/ruby/gems/3.1.0/gems/railties-7.0.2.3/lib/rails/templates/rails/welcome/index.html.erb (Duration: 0.1ms | Allocations: 29)
Completed 200 OK in 2ms (Views: 1.0ms | ActiveRecord: 0.0ms | Allocations: 253)


Started GET "/" for 127.0.0.1 at 2022-03-30 12:42:28 +0700
Processing by Rails::WelcomeController#index as HTML
  Rendering C:/Ruby31-x64/lib/ruby/gems/3.1.0/gems/railties-7.0.2.3/lib/rails/templates/rails/welcome/index.html.erb
  Rendered C:/Ruby31-x64/lib/ruby/gems/3.1.0/gems/railties-7.0.2.3/lib/rails/templates/rails/welcome/index.html.erb (Duration: 0.2ms | Allocations: 29)
Completed 200 OK in 3ms (Views: 1.1ms | ActiveRecord: 0.0ms | Allocations: 253)


Started GET "/" for 127.0.0.1 at 2022-03-30 12:42:35 +0700
Processing by Rails::WelcomeController#index as HTML
  Rendering C:/Ruby31-x64/lib/ruby/gems/3.1.0/gems/railties-7.0.2.3/lib/rails/templates/rails/welcome/index.html.erb
  Rendered C:/Ruby31-x64/lib/ruby/gems/3.1.0/gems/railties-7.0.2.3/lib/rails/templates/rails/welcome/index.html.erb (Duration: 0.1ms | Allocations: 28)
Completed 200 OK in 2ms (Views: 1.2ms | ActiveRecord: 0.0ms | Allocations: 248)


Started GET "/items" for 127.0.0.1 at 2022-03-30 12:42:44 +0700
  
ActionController::RoutingError (No route matches [GET] "/items"):
  
Started GET "/items/index" for 127.0.0.1 at 2022-03-30 12:43:11 +0700
Processing by ItemsController#index as HTML
  Rendering layout layouts/application.html.erb
  Rendering items/index.html.erb within layouts/application
  [1m[36mItem Load (0.3ms)[0m  [1m[34mSELECT "items".* FROM "items"[0m
  ↳ app/views/items/index.html.erb:14
  Rendered items/index.html.erb within layouts/application (Duration: 37.8ms | Allocations: 9447)
  Rendered layout layouts/application.html.erb (Duration: 38.6ms | Allocations: 9550)
Completed 500 Internal Server Error in 48ms (ActiveRecord: 1.2ms | Allocations: 11223)


  
ActionView::Template::Error (undefined method `edit_item_path' for #<ActionView::Base:0x0000000000ad98>
Did you mean?  items_edit_path):
    18:             <td>
    19:             <a href="/items/<%= item.id %>">Show</a> 
    20:             &nbsp; | &nbsp;
    21:             <%= button_to 'Edit', edit_item_path(item), method: 'get'%>
    22:             &nbsp; | &nbsp;
    23:             <%= button_to 'Remove', item_path(item), method: 'delete', data: { confirm: 'Are you sure?' } %>
    24:             </td>
  
app/views/items/index.html.erb:21
app/views/items/index.html.erb:14
Started GET "/items/index" for 127.0.0.1 at 2022-03-30 12:43:30 +0700
Processing by ItemsController#index as HTML
  Rendering layout layouts/application.html.erb
  Rendering items/index.html.erb within layouts/application
  [1m[36mItem Load (0.1ms)[0m  [1m[34mSELECT "items".* FROM "items"[0m
  ↳ app/views/items/index.html.erb:14
  Rendered items/index.html.erb within layouts/application (Duration: 18.0ms | Allocations: 6002)
  Rendered layout layouts/application.html.erb (Duration: 18.9ms | Allocations: 6096)
Completed 500 Internal Server Error in 25ms (ActiveRecord: 0.1ms | Allocations: 6897)


  
ActionView::Template::Error (undefined method `item_path' for #<ActionView::Base:0x0000000000b0e0>
Did you mean?  items_new_path):
    20:             &nbsp; | &nbsp;
    21:             <%= button_to 'Edit', items_edit_path(item), method: 'get'%>
    22:             &nbsp; | &nbsp;
    23:             <%= button_to 'Remove', item_path(item), method: 'delete', data: { confirm: 'Are you sure?' } %>
    24:             </td>
    25:         </tr>
    26:         <% end %>
  
app/views/items/index.html.erb:23
app/views/items/index.html.erb:14
Started GET "/items/index" for 127.0.0.1 at 2022-03-30 12:43:39 +0700
Processing by ItemsController#index as HTML
  Rendering layout layouts/application.html.erb
  Rendering items/index.html.erb within layouts/application
  [1m[36mItem Load (0.2ms)[0m  [1m[34mSELECT "items".* FROM "items"[0m
  ↳ app/views/items/index.html.erb:14
  Rendered items/index.html.erb within layouts/application (Duration: 12.2ms | Allocations: 1871)
  Rendered layout layouts/application.html.erb (Duration: 595.7ms | Allocations: 75494)
Completed 200 OK in 603ms (Views: 600.3ms | ActiveRecord: 0.2ms | Allocations: 76338)


Started GET "/items/edit.1" for 127.0.0.1 at 2022-03-30 12:43:42 +0700
Processing by ItemsController#edit as */*
Completed 404 Not Found in 104ms (ActiveRecord: 0.0ms | Allocations: 11004)


  
ActiveRecord::RecordNotFound (Couldn't find Item without an ID):
  
app/controllers/items_controller.rb:21:in `edit'
Started GET "/items/index" for 127.0.0.1 at 2022-03-30 12:44:00 +0700
Processing by ItemsController#index as HTML
  Rendering layout layouts/application.html.erb
  Rendering items/index.html.erb within layouts/application
  [1m[36mItem Load (0.1ms)[0m  [1m[34mSELECT "items".* FROM "items"[0m
  ↳ app/views/items/index.html.erb:14
  Rendered items/index.html.erb within layouts/application (Duration: 11.8ms | Allocations: 5740)
  Rendered layout layouts/application.html.erb (Duration: 12.4ms | Allocations: 5834)
Completed 500 Internal Server Error in 19ms (ActiveRecord: 0.1ms | Allocations: 6627)


  
ActionView::Template::Error (undefined method `edit_item_path' for #<ActionView::Base:0x0000000000ba90>
Did you mean?  items_edit_path):
    18:             <td>
    19:             <a href="/items/<%= item.id %>">Show</a> 
    20:             &nbsp; | &nbsp;
    21:             <%= button_to 'Edit', edit_item_path(item), method: 'get'%>
    22:             &nbsp; | &nbsp;
    23:             <%= button_to 'Remove', item_path(item), method: 'delete', data: { confirm: 'Are you sure?' } %>
    24:             </td>
  
app/views/items/index.html.erb:21
app/views/items/index.html.erb:14
Started GET "/items/index" for 127.0.0.1 at 2022-03-30 12:44:01 +0700
Processing by ItemsController#index as HTML
  Rendering layout layouts/application.html.erb
  Rendering items/index.html.erb within layouts/application
  [1m[36mItem Load (0.2ms)[0m  [1m[34mSELECT "items".* FROM "items"[0m
  ↳ app/views/items/index.html.erb:14
  Rendered items/index.html.erb within layouts/application (Duration: 10.1ms | Allocations: 5355)
  Rendered layout layouts/application.html.erb (Duration: 11.2ms | Allocations: 5443)
Completed 500 Internal Server Error in 13ms (ActiveRecord: 0.2ms | Allocations: 5732)


  
ActionView::Template::Error (undefined method `edit_item_path' for #<ActionView::Base:0x0000000000bdb0>
Did you mean?  items_edit_path):
    18:             <td>
    19:             <a href="/items/<%= item.id %>">Show</a> 
    20:             &nbsp; | &nbsp;
    21:             <%= button_to 'Edit', edit_item_path(item), method: 'get'%>
    22:             &nbsp; | &nbsp;
    23:             <%= button_to 'Remove', item_path(item), method: 'delete', data: { confirm: 'Are you sure?' } %>
    24:             </td>
  
app/views/items/index.html.erb:21
app/views/items/index.html.erb:14
Started GET "/items/index" for 127.0.0.1 at 2022-03-30 12:45:13 +0700
Processing by ItemsController#index as HTML
  Rendering layout layouts/application.html.erb
  Rendering items/index.html.erb within layouts/application
  [1m[36mItem Load (0.1ms)[0m  [1m[34mSELECT "items".* FROM "items"[0m
  ↳ app/views/items/index.html.erb:14
  Rendered items/index.html.erb within layouts/application (Duration: 22.9ms | Allocations: 5724)
  Rendered layout layouts/application.html.erb (Duration: 23.4ms | Allocations: 5818)
Completed 500 Internal Server Error in 33ms (ActiveRecord: 0.1ms | Allocations: 6591)


  
ActionView::Template::Error (undefined method `edit_items_path' for #<ActionView::Base:0x0000000000c120>
Did you mean?  items_edit_path):
    18:             <td>
    19:             <a href="/items/<%= item.id %>">Show</a> 
    20:             &nbsp; | &nbsp;
    21:             <%= button_to 'Edit', edit_items_path(item), method: 'get'%>
    22:             &nbsp; | &nbsp;
    23:             <%= button_to 'Remove', items_path(item), method: 'delete', data: { confirm: 'Are you sure?' } %>
    24:             </td>
  
app/views/items/index.html.erb:21
app/views/items/index.html.erb:14
Started GET "/items/index" for 127.0.0.1 at 2022-03-30 12:45:14 +0700
Processing by ItemsController#index as HTML
  Rendering layout layouts/application.html.erb
  Rendering items/index.html.erb within layouts/application
  [1m[36mItem Load (0.3ms)[0m  [1m[34mSELECT "items".* FROM "items"[0m
  ↳ app/views/items/index.html.erb:14
  Rendered items/index.html.erb within layouts/application (Duration: 11.3ms | Allocations: 5329)
  Rendered layout layouts/application.html.erb (Duration: 12.0ms | Allocations: 5417)
Completed 500 Internal Server Error in 14ms (ActiveRecord: 0.3ms | Allocations: 5706)


  
ActionView::Template::Error (undefined method `edit_items_path' for #<ActionView::Base:0x0000000000c468>
Did you mean?  items_edit_path):
    18:             <td>
    19:             <a href="/items/<%= item.id %>">Show</a> 
    20:             &nbsp; | &nbsp;
    21:             <%= button_to 'Edit', edit_items_path(item), method: 'get'%>
    22:             &nbsp; | &nbsp;
    23:             <%= button_to 'Remove', items_path(item), method: 'delete', data: { confirm: 'Are you sure?' } %>
    24:             </td>
  
app/views/items/index.html.erb:21
app/views/items/index.html.erb:14
Started GET "/items/index" for 127.0.0.1 at 2022-03-30 12:45:15 +0700
Processing by ItemsController#index as HTML
  Rendering layout layouts/application.html.erb
  Rendering items/index.html.erb within layouts/application
  [1m[36mItem Load (0.1ms)[0m  [1m[34mSELECT "items".* FROM "items"[0m
  ↳ app/views/items/index.html.erb:14
  Rendered items/index.html.erb within layouts/application (Duration: 10.6ms | Allocations: 5336)
  Rendered layout layouts/application.html.erb (Duration: 11.2ms | Allocations: 5424)
Completed 500 Internal Server Error in 13ms (ActiveRecord: 0.1ms | Allocations: 5694)


  
ActionView::Template::Error (undefined method `edit_items_path' for #<ActionView::Base:0x0000000000c760>
Did you mean?  items_edit_path):
    18:             <td>
    19:             <a href="/items/<%= item.id %>">Show</a> 
    20:             &nbsp; | &nbsp;
    21:             <%= button_to 'Edit', edit_items_path(item), method: 'get'%>
    22:             &nbsp; | &nbsp;
    23:             <%= button_to 'Remove', items_path(item), method: 'delete', data: { confirm: 'Are you sure?' } %>
    24:             </td>
  
app/views/items/index.html.erb:21
app/views/items/index.html.erb:14
Started GET "/items/index" for 127.0.0.1 at 2022-03-30 12:45:16 +0700
Processing by ItemsController#index as HTML
  Rendering layout layouts/application.html.erb
  Rendering items/index.html.erb within layouts/application
  [1m[36mItem Load (0.1ms)[0m  [1m[34mSELECT "items".* FROM "items"[0m
  ↳ app/views/items/index.html.erb:14
  Rendered items/index.html.erb within layouts/application (Duration: 15.8ms | Allocations: 5327)
  Rendered layout layouts/application.html.erb (Duration: 16.4ms | Allocations: 5415)
Completed 500 Internal Server Error in 18ms (ActiveRecord: 0.1ms | Allocations: 5681)


  
ActionView::Template::Error (undefined method `edit_items_path' for #<ActionView::Base:0x0000000000ca30>
Did you mean?  items_edit_path):
    18:             <td>
    19:             <a href="/items/<%= item.id %>">Show</a> 
    20:             &nbsp; | &nbsp;
    21:             <%= button_to 'Edit', edit_items_path(item), method: 'get'%>
    22:             &nbsp; | &nbsp;
    23:             <%= button_to 'Remove', items_path(item), method: 'delete', data: { confirm: 'Are you sure?' } %>
    24:             </td>
  
app/views/items/index.html.erb:21
app/views/items/index.html.erb:14
Started GET "/items/index" for 127.0.0.1 at 2022-03-30 12:45:16 +0700
Processing by ItemsController#index as HTML
  Rendering layout layouts/application.html.erb
  Rendering items/index.html.erb within layouts/application
  [1m[36mItem Load (0.2ms)[0m  [1m[34mSELECT "items".* FROM "items"[0m
  ↳ app/views/items/index.html.erb:14
  Rendered items/index.html.erb within layouts/application (Duration: 9.4ms | Allocations: 5329)
  Rendered layout layouts/application.html.erb (Duration: 10.3ms | Allocations: 5417)
Completed 500 Internal Server Error in 12ms (ActiveRecord: 0.2ms | Allocations: 5683)


  
ActionView::Template::Error (undefined method `edit_items_path' for #<ActionView::Base:0x0000000000cd78>
Did you mean?  items_edit_path):
    18:             <td>
    19:             <a href="/items/<%= item.id %>">Show</a> 
    20:             &nbsp; | &nbsp;
    21:             <%= button_to 'Edit', edit_items_path(item), method: 'get'%>
    22:             &nbsp; | &nbsp;
    23:             <%= button_to 'Remove', items_path(item), method: 'delete', data: { confirm: 'Are you sure?' } %>
    24:             </td>
  
app/views/items/index.html.erb:21
app/views/items/index.html.erb:14
Started GET "/items/index" for 127.0.0.1 at 2022-03-30 12:45:17 +0700
Processing by ItemsController#index as HTML
  Rendering layout layouts/application.html.erb
  Rendering items/index.html.erb within layouts/application
  [1m[36mItem Load (0.1ms)[0m  [1m[34mSELECT "items".* FROM "items"[0m
  ↳ app/views/items/index.html.erb:14
  Rendered items/index.html.erb within layouts/application (Duration: 16.6ms | Allocations: 5327)
  Rendered layout layouts/application.html.erb (Duration: 17.5ms | Allocations: 5415)
Completed 500 Internal Server Error in 20ms (ActiveRecord: 0.1ms | Allocations: 5681)


  
ActionView::Template::Error (undefined method `edit_items_path' for #<ActionView::Base:0x0000000000d048>
Did you mean?  items_edit_path):
    18:             <td>
    19:             <a href="/items/<%= item.id %>">Show</a> 
    20:             &nbsp; | &nbsp;
    21:             <%= button_to 'Edit', edit_items_path(item), method: 'get'%>
    22:             &nbsp; | &nbsp;
    23:             <%= button_to 'Remove', items_path(item), method: 'delete', data: { confirm: 'Are you sure?' } %>
    24:             </td>
  
app/views/items/index.html.erb:21
app/views/items/index.html.erb:14
Started GET "/items/index" for 127.0.0.1 at 2022-03-30 12:45:50 +0700
Processing by ItemsController#index as HTML
  Rendering layout layouts/application.html.erb
  Rendering items/index.html.erb within layouts/application
  [1m[36mItem Load (0.1ms)[0m  [1m[34mSELECT "items".* FROM "items"[0m
  ↳ app/views/items/index.html.erb:14
  Rendered items/index.html.erb within layouts/application (Duration: 10.2ms | Allocations: 5329)
  Rendered layout layouts/application.html.erb (Duration: 11.3ms | Allocations: 5417)
Completed 500 Internal Server Error in 14ms (ActiveRecord: 0.1ms | Allocations: 5683)


  
ActionView::Template::Error (undefined method `edit_items_path' for #<ActionView::Base:0x0000000000d340>
Did you mean?  items_edit_path):
    18:             <td>
    19:             <a href="/items/<%= item.id %>">Show</a> 
    20:             &nbsp; | &nbsp;
    21:             <%= button_to 'Edit', edit_items_path(item), method: 'get'%>
    22:             &nbsp; | &nbsp;
    23:             <%= button_to 'Remove', items_path(item), method: 'delete', data: { confirm: 'Are you sure?' } %>
    24:             </td>
  
app/views/items/index.html.erb:21
app/views/items/index.html.erb:14
Started GET "/rails/info/routes" for 127.0.0.1 at 2022-03-30 12:45:51 +0700
Processing by Rails::InfoController#routes as HTML
  Rendering layout C:/Ruby31-x64/lib/ruby/gems/3.1.0/gems/railties-7.0.2.3/lib/rails/templates/layouts/application.html.erb
  Rendering C:/Ruby31-x64/lib/ruby/gems/3.1.0/gems/railties-7.0.2.3/lib/rails/templates/rails/info/routes.html.erb within layouts/application
  Rendered collection of C:/Ruby31-x64/lib/ruby/gems/3.1.0/gems/actionpack-7.0.2.3/lib/action_dispatch/middleware/templates/routes/_route.html.erb [34 times] (Duration: 9.4ms | Allocations: 5708)
  Rendered C:/Ruby31-x64/lib/ruby/gems/3.1.0/gems/actionpack-7.0.2.3/lib/action_dispatch/middleware/templates/routes/_table.html.erb (Duration: 1.2ms | Allocations: 778)
  Rendered C:/Ruby31-x64/lib/ruby/gems/3.1.0/gems/railties-7.0.2.3/lib/rails/templates/rails/info/routes.html.erb within layouts/application (Duration: 27.0ms | Allocations: 10551)
  Rendered layout C:/Ruby31-x64/lib/ruby/gems/3.1.0/gems/railties-7.0.2.3/lib/rails/templates/layouts/application.html.erb (Duration: 32.2ms | Allocations: 10839)
Completed 200 OK in 41ms (Views: 38.0ms | ActiveRecord: 0.0ms | Allocations: 11805)


Started GET "/rails/info/routes" for 127.0.0.1 at 2022-03-30 12:46:54 +0700
Processing by Rails::InfoController#routes as HTML
  Rendering layout C:/Ruby31-x64/lib/ruby/gems/3.1.0/gems/railties-7.0.2.3/lib/rails/templates/layouts/application.html.erb
  Rendering C:/Ruby31-x64/lib/ruby/gems/3.1.0/gems/railties-7.0.2.3/lib/rails/templates/rails/info/routes.html.erb within layouts/application
  Rendered collection of C:/Ruby31-x64/lib/ruby/gems/3.1.0/gems/actionpack-7.0.2.3/lib/action_dispatch/middleware/templates/routes/_route.html.erb [38 times] (Duration: 7.4ms | Allocations: 6317)
  Rendered C:/Ruby31-x64/lib/ruby/gems/3.1.0/gems/actionpack-7.0.2.3/lib/action_dispatch/middleware/templates/routes/_table.html.erb (Duration: 0.8ms | Allocations: 778)
  Rendered C:/Ruby31-x64/lib/ruby/gems/3.1.0/gems/railties-7.0.2.3/lib/rails/templates/rails/info/routes.html.erb within layouts/application (Duration: 14.9ms | Allocations: 11526)
  Rendered layout C:/Ruby31-x64/lib/ruby/gems/3.1.0/gems/railties-7.0.2.3/lib/rails/templates/layouts/application.html.erb (Duration: 16.3ms | Allocations: 11811)
Completed 200 OK in 23ms (Views: 20.4ms | Allocations: 12665)


Started GET "/rails/info/routes" for 127.0.0.1 at 2022-03-30 12:47:00 +0700
Processing by Rails::InfoController#routes as HTML
  Rendering layout C:/Ruby31-x64/lib/ruby/gems/3.1.0/gems/railties-7.0.2.3/lib/rails/templates/layouts/application.html.erb
  Rendering C:/Ruby31-x64/lib/ruby/gems/3.1.0/gems/railties-7.0.2.3/lib/rails/templates/rails/info/routes.html.erb within layouts/application
  Rendered collection of C:/Ruby31-x64/lib/ruby/gems/3.1.0/gems/actionpack-7.0.2.3/lib/action_dispatch/middleware/templates/routes/_route.html.erb [38 times] (Duration: 7.2ms | Allocations: 5996)
  Rendered C:/Ruby31-x64/lib/ruby/gems/3.1.0/gems/actionpack-7.0.2.3/lib/action_dispatch/middleware/templates/routes/_table.html.erb (Duration: 0.2ms | Allocations: 105)
  Rendered C:/Ruby31-x64/lib/ruby/gems/3.1.0/gems/railties-7.0.2.3/lib/rails/templates/rails/info/routes.html.erb within layouts/application (Duration: 11.4ms | Allocations: 10190)
  Rendered layout C:/Ruby31-x64/lib/ruby/gems/3.1.0/gems/railties-7.0.2.3/lib/rails/templates/layouts/application.html.erb (Duration: 12.3ms | Allocations: 10289)
Completed 200 OK in 14ms (Views: 13.4ms | Allocations: 10598)


Started GET "/items/index" for 127.0.0.1 at 2022-03-30 12:47:06 +0700
Processing by ItemsController#show as HTML
  Parameters: {"id"=>"index"}
  [1m[35m (0.1ms)[0m  [1m[34mSELECT sqlite_version(*)[0m
  ↳ app/controllers/items_controller.rb:7:in `show'
  [1m[36mItem Load (0.1ms)[0m  [1m[34mSELECT "items".* FROM "items" WHERE "items"."id" = ? LIMIT ?[0m  [["id", nil], ["LIMIT", 1]]
  ↳ app/controllers/items_controller.rb:7:in `show'
Completed 404 Not Found in 9ms (ActiveRecord: 1.0ms | Allocations: 4353)


  
ActiveRecord::RecordNotFound (Couldn't find Item with 'id'=index):
  
app/controllers/items_controller.rb:7:in `show'
Started GET "/items/index" for 127.0.0.1 at 2022-03-30 12:47:07 +0700
Processing by ItemsController#show as HTML
  Parameters: {"id"=>"index"}
  [1m[36mItem Load (0.1ms)[0m  [1m[34mSELECT "items".* FROM "items" WHERE "items"."id" = ? LIMIT ?[0m  [["id", nil], ["LIMIT", 1]]
  ↳ app/controllers/items_controller.rb:7:in `show'
Completed 404 Not Found in 3ms (ActiveRecord: 0.1ms | Allocations: 908)


  
ActiveRecord::RecordNotFound (Couldn't find Item with 'id'=index):
  
app/controllers/items_controller.rb:7:in `show'
Started GET "/rails/info/routes" for 127.0.0.1 at 2022-03-30 12:47:25 +0700
Processing by Rails::InfoController#routes as HTML
  Rendering layout C:/Ruby31-x64/lib/ruby/gems/3.1.0/gems/railties-7.0.2.3/lib/rails/templates/layouts/application.html.erb
  Rendering C:/Ruby31-x64/lib/ruby/gems/3.1.0/gems/railties-7.0.2.3/lib/rails/templates/rails/info/routes.html.erb within layouts/application
  Rendered collection of C:/Ruby31-x64/lib/ruby/gems/3.1.0/gems/actionpack-7.0.2.3/lib/action_dispatch/middleware/templates/routes/_route.html.erb [38 times] (Duration: 7.6ms | Allocations: 5999)
  Rendered C:/Ruby31-x64/lib/ruby/gems/3.1.0/gems/actionpack-7.0.2.3/lib/action_dispatch/middleware/templates/routes/_table.html.erb (Duration: 0.2ms | Allocations: 115)
  Rendered C:/Ruby31-x64/lib/ruby/gems/3.1.0/gems/railties-7.0.2.3/lib/rails/templates/rails/info/routes.html.erb within layouts/application (Duration: 10.9ms | Allocations: 10218)
  Rendered layout C:/Ruby31-x64/lib/ruby/gems/3.1.0/gems/railties-7.0.2.3/lib/rails/templates/layouts/application.html.erb (Duration: 11.7ms | Allocations: 10317)
Completed 200 OK in 14ms (Views: 12.7ms | ActiveRecord: 0.0ms | Allocations: 10639)


Started GET "/rails/info/routes" for 127.0.0.1 at 2022-03-30 12:47:26 +0700
Processing by Rails::InfoController#routes as HTML
  Rendering layout C:/Ruby31-x64/lib/ruby/gems/3.1.0/gems/railties-7.0.2.3/lib/rails/templates/layouts/application.html.erb
  Rendering C:/Ruby31-x64/lib/ruby/gems/3.1.0/gems/railties-7.0.2.3/lib/rails/templates/rails/info/routes.html.erb within layouts/application
  Rendered collection of C:/Ruby31-x64/lib/ruby/gems/3.1.0/gems/actionpack-7.0.2.3/lib/action_dispatch/middleware/templates/routes/_route.html.erb [38 times] (Duration: 13.5ms | Allocations: 5997)
  Rendered C:/Ruby31-x64/lib/ruby/gems/3.1.0/gems/actionpack-7.0.2.3/lib/action_dispatch/middleware/templates/routes/_table.html.erb (Duration: 0.3ms | Allocations: 105)
  Rendered C:/Ruby31-x64/lib/ruby/gems/3.1.0/gems/railties-7.0.2.3/lib/rails/templates/rails/info/routes.html.erb within layouts/application (Duration: 19.9ms | Allocations: 10191)
  Rendered layout C:/Ruby31-x64/lib/ruby/gems/3.1.0/gems/railties-7.0.2.3/lib/rails/templates/layouts/application.html.erb (Duration: 20.7ms | Allocations: 10290)
Completed 200 OK in 23ms (Views: 21.8ms | ActiveRecord: 0.0ms | Allocations: 10574)


Started GET "/rails/info/routes" for 127.0.0.1 at 2022-03-30 12:47:40 +0700
Processing by Rails::InfoController#routes as HTML
  Rendering layout C:/Ruby31-x64/lib/ruby/gems/3.1.0/gems/railties-7.0.2.3/lib/rails/templates/layouts/application.html.erb
  Rendering C:/Ruby31-x64/lib/ruby/gems/3.1.0/gems/railties-7.0.2.3/lib/rails/templates/rails/info/routes.html.erb within layouts/application
  Rendered collection of C:/Ruby31-x64/lib/ruby/gems/3.1.0/gems/actionpack-7.0.2.3/lib/action_dispatch/middleware/templates/routes/_route.html.erb [38 times] (Duration: 7.7ms | Allocations: 5996)
  Rendered C:/Ruby31-x64/lib/ruby/gems/3.1.0/gems/actionpack-7.0.2.3/lib/action_dispatch/middleware/templates/routes/_table.html.erb (Duration: 0.2ms | Allocations: 105)
  Rendered C:/Ruby31-x64/lib/ruby/gems/3.1.0/gems/railties-7.0.2.3/lib/rails/templates/rails/info/routes.html.erb within layouts/application (Duration: 10.9ms | Allocations: 10190)
  Rendered layout C:/Ruby31-x64/lib/ruby/gems/3.1.0/gems/railties-7.0.2.3/lib/rails/templates/layouts/application.html.erb (Duration: 11.8ms | Allocations: 10289)
Completed 200 OK in 14ms (Views: 12.8ms | ActiveRecord: 0.0ms | Allocations: 10573)


Started GET "/rails/info/routes" for 127.0.0.1 at 2022-03-30 12:48:11 +0700
Processing by Rails::InfoController#routes as HTML
  Rendering layout C:/Ruby31-x64/lib/ruby/gems/3.1.0/gems/railties-7.0.2.3/lib/rails/templates/layouts/application.html.erb
  Rendering C:/Ruby31-x64/lib/ruby/gems/3.1.0/gems/railties-7.0.2.3/lib/rails/templates/rails/info/routes.html.erb within layouts/application
  Rendered collection of C:/Ruby31-x64/lib/ruby/gems/3.1.0/gems/actionpack-7.0.2.3/lib/action_dispatch/middleware/templates/routes/_route.html.erb [38 times] (Duration: 6.0ms | Allocations: 6056)
  Rendered C:/Ruby31-x64/lib/ruby/gems/3.1.0/gems/actionpack-7.0.2.3/lib/action_dispatch/middleware/templates/routes/_table.html.erb (Duration: 0.2ms | Allocations: 123)
  Rendered C:/Ruby31-x64/lib/ruby/gems/3.1.0/gems/railties-7.0.2.3/lib/rails/templates/rails/info/routes.html.erb within layouts/application (Duration: 9.1ms | Allocations: 10290)
  Rendered layout C:/Ruby31-x64/lib/ruby/gems/3.1.0/gems/railties-7.0.2.3/lib/rails/templates/layouts/application.html.erb (Duration: 10.2ms | Allocations: 10394)
Completed 200 OK in 12ms (Views: 11.5ms | Allocations: 10748)


Started GET "/items/index" for 127.0.0.1 at 2022-03-30 12:48:13 +0700
Processing by ItemsController#show as HTML
  Parameters: {"id"=>"index"}
  [1m[35m (0.1ms)[0m  [1m[34mSELECT sqlite_version(*)[0m
  ↳ app/controllers/items_controller.rb:7:in `show'
  [1m[36mItem Load (0.3ms)[0m  [1m[34mSELECT "items".* FROM "items" WHERE "items"."id" = ? LIMIT ?[0m  [["id", nil], ["LIMIT", 1]]
  ↳ app/controllers/items_controller.rb:7:in `show'
Completed 404 Not Found in 14ms (ActiveRecord: 1.9ms | Allocations: 3454)


  
ActiveRecord::RecordNotFound (Couldn't find Item with 'id'=index):
  
app/controllers/items_controller.rb:7:in `show'
Started GET "/items/index" for 127.0.0.1 at 2022-03-30 12:48:19 +0700
Processing by ItemsController#show as HTML
  Parameters: {"id"=>"index"}
  Rendering layout layouts/application.html.erb
  Rendering items/show.html.erb within layouts/application
  Rendered items/show.html.erb within layouts/application (Duration: 4.5ms | Allocations: 2387)
  Rendered layout layouts/application.html.erb (Duration: 5.2ms | Allocations: 2481)
Completed 500 Internal Server Error in 12ms (Allocations: 3378)


  
ActionView::Template::Error (undefined method `name' for nil:NilClass):
    1: <h1>Item Detail</h1>
    2: <p>
    3:     Item name: <%= @item.name %>
    4: </p>
    5: <p>
    6:     Item price: <%= @item.price %>
  
app/views/items/show.html.erb:3
Started GET "/items/index" for 127.0.0.1 at 2022-03-30 12:48:32 +0700
Processing by ItemsController#show as HTML
  Parameters: {"id"=>"index"}
  [1m[35m (0.1ms)[0m  [1m[34mSELECT sqlite_version(*)[0m
  ↳ app/controllers/items_controller.rb:7:in `show'
  [1m[36mItem Load (0.1ms)[0m  [1m[34mSELECT "items".* FROM "items" WHERE "items"."id" = ? LIMIT ?[0m  [["id", 1], ["LIMIT", 1]]
  ↳ app/controllers/items_controller.rb:7:in `show'
  Rendering layout layouts/application.html.erb
  Rendering items/show.html.erb within layouts/application
  Rendered items/show.html.erb within layouts/application (Duration: 0.1ms | Allocations: 40)
  Rendered layout layouts/application.html.erb (Duration: 4.0ms | Allocations: 1660)
Completed 200 OK in 15ms (Views: 5.3ms | ActiveRecord: 1.1ms | Allocations: 6274)


Started GET "/items/index" for 127.0.0.1 at 2022-03-30 12:48:36 +0700
Processing by ItemsController#show as HTML
  Parameters: {"id"=>"index"}
  [1m[36mItem Load (0.2ms)[0m  [1m[34mSELECT "items".* FROM "items" WHERE "items"."id" = ? LIMIT ?[0m  [["id", 1], ["LIMIT", 1]]
  ↳ app/controllers/items_controller.rb:7:in `show'
  Rendering layout layouts/application.html.erb
  Rendering items/show.html.erb within layouts/application
  Rendered items/show.html.erb within layouts/application (Duration: 0.1ms | Allocations: 24)
  Rendered layout layouts/application.html.erb (Duration: 3.0ms | Allocations: 1208)
Completed 200 OK in 6ms (Views: 3.8ms | ActiveRecord: 0.2ms | Allocations: 2036)


Started GET "/items/" for 127.0.0.1 at 2022-03-30 12:48:38 +0700
Processing by ItemsController#index as HTML
  Rendering layout layouts/application.html.erb
  Rendering items/index.html.erb within layouts/application
  [1m[36mItem Load (0.1ms)[0m  [1m[34mSELECT "items".* FROM "items"[0m
  ↳ app/views/items/index.html.erb:14
  Rendered items/index.html.erb within layouts/application (Duration: 12.9ms | Allocations: 5795)
  Rendered layout layouts/application.html.erb (Duration: 13.8ms | Allocations: 5883)
Completed 500 Internal Server Error in 17ms (ActiveRecord: 0.1ms | Allocations: 6241)


  
ActionView::Template::Error (undefined method `edit_items_path' for #<ActionView::Base:0x0000000001e2a8>
Did you mean?  edit_item_path):
    18:             <td>
    19:             <a href="/items/<%= item.id %>">Show</a> 
    20:             &nbsp; | &nbsp;
    21:             <%= button_to 'Edit', edit_items_path(item), method: 'get'%>
    22:             &nbsp; | &nbsp;
    23:             <%= button_to 'Remove', items_path(item), method: 'delete', data: { confirm: 'Are you sure?' } %>
    24:             </td>
  
app/views/items/index.html.erb:21
app/views/items/index.html.erb:14
Started GET "/items/" for 127.0.0.1 at 2022-03-30 12:48:53 +0700
Processing by ItemsController#index as HTML
  Rendering layout layouts/application.html.erb
  Rendering items/index.html.erb within layouts/application
  [1m[35m (0.1ms)[0m  [1m[34mSELECT sqlite_version(*)[0m
  ↳ app/views/items/index.html.erb:14
  [1m[36mItem Load (0.1ms)[0m  [1m[34mSELECT "items".* FROM "items"[0m
  ↳ app/views/items/index.html.erb:14
  Rendered items/index.html.erb within layouts/application (Duration: 16.4ms | Allocations: 4045)
  Rendered layout layouts/application.html.erb (Duration: 20.5ms | Allocations: 5374)
Completed 200 OK in 30ms (Views: 25.3ms | ActiveRecord: 1.3ms | Allocations: 7035)


Started GET "/items/new" for 127.0.0.1 at 2022-03-30 12:48:57 +0700
Processing by ItemsController#new as HTML
  Rendering layout layouts/application.html.erb
  Rendering items/new.html.erb within layouts/application
  Rendered items/new.html.erb within layouts/application (Duration: 65.4ms | Allocations: 3145)
  Rendered layout layouts/application.html.erb (Duration: 69.9ms | Allocations: 4143)
Completed 200 OK in 73ms (Views: 71.0ms | ActiveRecord: 0.0ms | Allocations: 4544)


Started POST "/items" for 127.0.0.1 at 2022-03-30 12:49:00 +0700
Processing by ItemsController#create as HTML
  Parameters: {"authenticity_token"=>"[FILTERED]", "item"=>{"name"=>"asd", "price"=>"123"}, "commit"=>"Create Item"}
  [1m[36mTRANSACTION (0.1ms)[0m  [1m[36mbegin transaction[0m
  ↳ app/controllers/items_controller.rb:15:in `create'
  [1m[36mItem Create (0.8ms)[0m  [1m[32mINSERT INTO "items" ("name", "price", "created_at", "updated_at") VALUES (?, ?, ?, ?)[0m  [["name", "asd"], ["price", "123"], ["created_at", "2022-03-30 05:49:00.153149"], ["updated_at", "2022-03-30 05:49:00.153149"]]
  ↳ app/controllers/items_controller.rb:15:in `create'
  [1m[36mTRANSACTION (3.0ms)[0m  [1m[36mcommit transaction[0m
  ↳ app/controllers/items_controller.rb:15:in `create'
Redirected to http://127.0.0.1:3000/items
Completed 302 Found in 11ms (ActiveRecord: 4.0ms | Allocations: 3531)


Started GET "/items" for 127.0.0.1 at 2022-03-30 12:49:00 +0700
Processing by ItemsController#index as HTML
  Rendering layout layouts/application.html.erb
  Rendering items/index.html.erb within layouts/application
  [1m[36mItem Load (0.1ms)[0m  [1m[34mSELECT "items".* FROM "items"[0m
  ↳ app/views/items/index.html.erb:14
  Rendered items/index.html.erb within layouts/application (Duration: 9.9ms | Allocations: 1604)
  Rendered layout layouts/application.html.erb (Duration: 13.8ms | Allocations: 2700)
Completed 200 OK in 15ms (Views: 14.4ms | ActiveRecord: 0.1ms | Allocations: 3037)


Started DELETE "/items.4" for 127.0.0.1 at 2022-03-30 12:49:01 +0700
  
ActionController::RoutingError (No route matches [DELETE] "/items.4"):
  
Started GET "/items" for 127.0.0.1 at 2022-03-30 12:49:59 +0700
Processing by ItemsController#index as HTML
  Rendering layout layouts/application.html.erb
  Rendering items/index.html.erb within layouts/application
  [1m[36mItem Load (0.2ms)[0m  [1m[34mSELECT "items".* FROM "items"[0m
  ↳ app/views/items/index.html.erb:14
  Rendered items/index.html.erb within layouts/application (Duration: 4.7ms | Allocations: 1927)
  Rendered layout layouts/application.html.erb (Duration: 9.1ms | Allocations: 3252)
Completed 200 OK in 18ms (Views: 14.9ms | ActiveRecord: 0.2ms | Allocations: 4055)


Started GET "/items/4/edit" for 127.0.0.1 at 2022-03-30 12:50:01 +0700
Processing by ItemsController#edit as HTML
  Parameters: {"id"=>"4"}
  [1m[36mItem Load (0.2ms)[0m  [1m[34mSELECT "items".* FROM "items" WHERE "items"."id" = ? LIMIT ?[0m  [["id", 4], ["LIMIT", 1]]
  ↳ app/controllers/items_controller.rb:21:in `edit'
  Rendering layout layouts/application.html.erb
  Rendering items/edit.html.erb within layouts/application
  Rendered items/edit.html.erb within layouts/application (Duration: 21.4ms | Allocations: 906)
  Rendered layout layouts/application.html.erb (Duration: 46.2ms | Allocations: 1896)
Completed 200 OK in 73ms (Views: 47.3ms | ActiveRecord: 0.2ms | Allocations: 3379)


Started PATCH "/items/4" for 127.0.0.1 at 2022-03-30 12:50:03 +0700
Processing by ItemsController#update as HTML
  Parameters: {"authenticity_token"=>"[FILTERED]", "item"=>{"name"=>"asdz", "price"=>"123"}, "commit"=>"Update Item", "id"=>"4"}
  [1m[36mItem Load (0.2ms)[0m  [1m[34mSELECT "items".* FROM "items" WHERE "items"."id" = ? LIMIT ?[0m  [["id", 4], ["LIMIT", 1]]
  ↳ app/controllers/items_controller.rb:25:in `update'
  [1m[36mTRANSACTION (0.0ms)[0m  [1m[36mbegin transaction[0m
  ↳ app/controllers/items_controller.rb:26:in `update'
  [1m[36mItem Update (6.2ms)[0m  [1m[33mUPDATE "items" SET "name" = ?, "updated_at" = ? WHERE "items"."id" = ?[0m  [["name", "asdz"], ["updated_at", "2022-03-30 05:50:03.590653"], ["id", 4]]
  ↳ app/controllers/items_controller.rb:26:in `update'
  [1m[36mTRANSACTION (2.8ms)[0m  [1m[36mcommit transaction[0m
  ↳ app/controllers/items_controller.rb:26:in `update'
Redirected to http://127.0.0.1:3000/items
Completed 302 Found in 18ms (ActiveRecord: 9.2ms | Allocations: 3087)


Started GET "/items" for 127.0.0.1 at 2022-03-30 12:50:03 +0700
Processing by ItemsController#index as HTML
  Rendering layout layouts/application.html.erb
  Rendering items/index.html.erb within layouts/application
  [1m[36mItem Load (0.2ms)[0m  [1m[34mSELECT "items".* FROM "items"[0m
  ↳ app/views/items/index.html.erb:14
  Rendered items/index.html.erb within layouts/application (Duration: 2.6ms | Allocations: 1452)
  Rendered layout layouts/application.html.erb (Duration: 6.4ms | Allocations: 2456)
Completed 200 OK in 8ms (Views: 7.0ms | ActiveRecord: 0.2ms | Allocations: 2748)


Started GET "/items" for 127.0.0.1 at 2022-03-30 12:50:49 +0700
Processing by ItemsController#index as HTML
  Rendering layout layouts/application.html.erb
  Rendering items/index.html.erb within layouts/application
  [1m[36mItem Load (0.1ms)[0m  [1m[34mSELECT "items".* FROM "items"[0m
  ↳ app/views/items/index.html.erb:14
  Rendered items/index.html.erb within layouts/application (Duration: 3.1ms | Allocations: 1467)
  Rendered layout layouts/application.html.erb (Duration: 6.6ms | Allocations: 2465)
Completed 200 OK in 9ms (Views: 7.6ms | ActiveRecord: 0.1ms | Allocations: 2756)


Started GET "/items" for 127.0.0.1 at 2022-03-30 12:50:54 +0700
Processing by ItemsController#index as HTML
  Rendering layout layouts/application.html.erb
  Rendering items/index.html.erb within layouts/application
  [1m[36mItem Load (0.1ms)[0m  [1m[34mSELECT "items".* FROM "items"[0m
  ↳ app/views/items/index.html.erb:14
  Rendered items/index.html.erb within layouts/application (Duration: 12.1ms | Allocations: 1942)
  Rendered layout layouts/application.html.erb (Duration: 17.2ms | Allocations: 3261)
Completed 200 OK in 25ms (Views: 22.4ms | ActiveRecord: 0.1ms | Allocations: 4070)


Started GET "/items/4/edit" for 127.0.0.1 at 2022-03-30 12:50:56 +0700
Processing by ItemsController#edit as HTML
  Parameters: {"id"=>"4"}
  [1m[36mItem Load (0.1ms)[0m  [1m[34mSELECT "items".* FROM "items" WHERE "items"."id" = ? LIMIT ?[0m  [["id", 4], ["LIMIT", 1]]
  ↳ app/controllers/items_controller.rb:21:in `edit'
  Rendering layout layouts/application.html.erb
  Rendering items/edit.html.erb within layouts/application
  Rendered items/edit.html.erb within layouts/application (Duration: 2.8ms | Allocations: 881)
  Rendered layout layouts/application.html.erb (Duration: 5.9ms | Allocations: 1871)
Completed 200 OK in 10ms (Views: 7.0ms | ActiveRecord: 0.1ms | Allocations: 2734)


Started PATCH "/items/4" for 127.0.0.1 at 2022-03-30 12:50:58 +0700
Processing by ItemsController#update as HTML
  Parameters: {"authenticity_token"=>"[FILTERED]", "item"=>{"name"=>"asdz", "price"=>"123x"}, "commit"=>"Update Item", "id"=>"4"}
  [1m[36mItem Load (0.1ms)[0m  [1m[34mSELECT "items".* FROM "items" WHERE "items"."id" = ? LIMIT ?[0m  [["id", 4], ["LIMIT", 1]]
  ↳ app/controllers/items_controller.rb:25:in `update'
  [1m[36mTRANSACTION (0.1ms)[0m  [1m[36mbegin transaction[0m
  ↳ app/controllers/items_controller.rb:26:in `update'
  [1m[36mItem Update (6.3ms)[0m  [1m[33mUPDATE "items" SET "price" = ?, "updated_at" = ? WHERE "items"."id" = ?[0m  [["price", "123x"], ["updated_at", "2022-03-30 05:50:58.300374"], ["id", 4]]
  ↳ app/controllers/items_controller.rb:26:in `update'
  [1m[36mTRANSACTION (3.1ms)[0m  [1m[36mcommit transaction[0m
  ↳ app/controllers/items_controller.rb:26:in `update'
Redirected to http://127.0.0.1:3000/items
Completed 302 Found in 18ms (ActiveRecord: 9.6ms | Allocations: 2891)


Started GET "/items" for 127.0.0.1 at 2022-03-30 12:50:58 +0700
Processing by ItemsController#index as HTML
  Rendering layout layouts/application.html.erb
  Rendering items/index.html.erb within layouts/application
  [1m[36mItem Load (0.1ms)[0m  [1m[34mSELECT "items".* FROM "items"[0m
  ↳ app/views/items/index.html.erb:14
  Rendered items/index.html.erb within layouts/application (Duration: 3.0ms | Allocations: 1455)
  Rendered layout layouts/application.html.erb (Duration: 6.7ms | Allocations: 2453)
Completed 200 OK in 9ms (Views: 7.7ms | ActiveRecord: 0.1ms | Allocations: 2746)


Started DELETE "/items/4" for 127.0.0.1 at 2022-03-30 12:50:59 +0700
Processing by ItemsController#destroy as HTML
  Parameters: {"authenticity_token"=>"[FILTERED]", "id"=>"4"}
  [1m[36mItem Load (0.1ms)[0m  [1m[34mSELECT "items".* FROM "items" WHERE "items"."id" = ? LIMIT ?[0m  [["id", 4], ["LIMIT", 1]]
  ↳ app/controllers/items_controller.rb:32:in `destroy'
  [1m[36mTRANSACTION (0.1ms)[0m  [1m[36mbegin transaction[0m
  ↳ app/controllers/items_controller.rb:33:in `destroy'
  [1m[36mItem Destroy (1.2ms)[0m  [1m[31mDELETE FROM "items" WHERE "items"."id" = ?[0m  [["id", 4]]
  ↳ app/controllers/items_controller.rb:33:in `destroy'
  [1m[36mTRANSACTION (3.2ms)[0m  [1m[36mcommit transaction[0m
  ↳ app/controllers/items_controller.rb:33:in `destroy'
Redirected to http://127.0.0.1:3000/items
Completed 302 Found in 12ms (ActiveRecord: 4.6ms | Allocations: 2404)


Started GET "/items" for 127.0.0.1 at 2022-03-30 12:51:00 +0700
Processing by ItemsController#index as HTML
  Rendering layout layouts/application.html.erb
  Rendering items/index.html.erb within layouts/application
  [1m[36mItem Load (0.1ms)[0m  [1m[34mSELECT "items".* FROM "items"[0m
  ↳ app/views/items/index.html.erb:14
  Rendered items/index.html.erb within layouts/application (Duration: 2.5ms | Allocations: 1292)
  Rendered layout layouts/application.html.erb (Duration: 6.4ms | Allocations: 2290)
Completed 200 OK in 8ms (Views: 7.2ms | ActiveRecord: 0.1ms | Allocations: 2581)


